<?xml version="1.0" encoding="UTF-8"?>
<!-- Generated by org.testng.reporters.JUnitReportReporter -->
<testsuite hostname="AK" failures="0" tests="1" name="WebElement.DateTest" time="7.036" errors="0" timestamp="2025-08-22T22:08:45 IST" skipped="0">
  <testcase classname="WebElement.DateTest" name="dateTest" time="7.036"/>
</testsuite> <!-- WebElement.DateTest -->
