<?xml version="1.0" encoding="UTF-8"?>
<!-- Generated by org.testng.reporters.JUnitReportReporter -->
<testsuite hostname="AK" failures="0" tests="1" name="WebElement.AllmethodsTest" time="6.102" errors="0" timestamp="2025-08-22T12:18:23 IST" skipped="0">
  <testcase classname="WebElement.AllmethodsTest" name="WebElementTest" time="6.102"/>
</testsuite> <!-- WebElement.AllmethodsTest -->
