<?xml version="1.0" encoding="UTF-8"?>
<!-- Generated by org.testng.reporters.JUnitReportReporter -->
<testsuite hostname="AK" failures="0" tests="1" name="xpath.iframe" time="6.396" errors="0" timestamp="2025-08-30T15:21:34 IST" skipped="0">
  <testcase classname="xpath.iframe" name="ifameTest" time="6.396"/>
</testsuite> <!-- xpath.iframe -->
