<?xml version="1.0" encoding="UTF-8"?>
<!-- Generated by org.testng.reporters.JUnitReportReporter -->
<testsuite hostname="AK" failures="0" tests="1" name="xpath.xpathasixTest" time="11.195" errors="0" timestamp="2025-08-29T16:00:11 IST" skipped="0">
  <testcase classname="xpath.xpathasixTest" name="byaxisTest" time="11.195"/>
</testsuite> <!-- xpath.xpathasixTest -->
