<?xml version="1.0" encoding="UTF-8"?>
<!-- Generated by org.testng.reporters.JUnitReportReporter -->
<testsuite hostname="AK" failures="0" tests="1" name="xpath.Iframe2" time="14.464" errors="0" timestamp="2025-08-30T15:57:17 IST" skipped="0">
  <testcase classname="xpath.Iframe2" name="iframeTest" time="14.464"/>
</testsuite> <!-- xpath.Iframe2 -->
