<?xml version="1.0" encoding="UTF-8"?>
<!-- Generated by org.testng.reporters.JUnitReportReporter -->
<testsuite hostname="AK" failures="0" tests="1" name="Webdriver.youtubeTest" time="8.488" errors="0" timestamp="2025-08-21T22:05:12 IST" skipped="0">
  <testcase classname="Webdriver.youtubeTest" name="youtubesTest" time="8.488"/>
</testsuite> <!-- Webdriver.youtubeTest -->
