<?xml version="1.0" encoding="UTF-8"?>
<!-- Generated by org.testng.reporters.JUnitReportReporter -->
<testsuite hostname="AK" failures="0" tests="1" name="Webdriver.launchTest" time="12.199" errors="0" timestamp="2025-08-22T12:46:30 IST" skipped="0">
  <testcase classname="Webdriver.launchTest" name="allMethosTest" time="12.199"/>
</testsuite> <!-- Webdriver.launchTest -->
