<?xml version="1.0" encoding="UTF-8"?>
<!-- Generated by org.testng.reporters.JUnitReportReporter -->
<testsuite hostname="AK" failures="0" tests="1" name="Webdriver.WebElementTest" time="9.201" errors="0" timestamp="2025-08-18T20:03:04 IST" skipped="0">
  <testcase classname="Webdriver.WebElementTest" name="launchTest" time="9.201"/>
</testsuite> <!-- Webdriver.WebElementTest -->
